 | DebugLog - 06-10-2025 11:35:46
 | ==========================================
 |
 | Trigger:
 | Dummy == Off
 |
 | Message:
 | Niemand op het toilet
 |
 | CommandArray:
 | 1, Toilet_Verlichting == Off AFTER 0
 |
 | ==========================================
 | DebugLog - 06-10-2025 11:38:15
 | ==========================================
 |
 | Trigger:
 | Toilet_Motion == On
 |
 | Message:
 | Iemand op het toilet
 |
 | CommandArray:
 | 1, Toilet_Verlichting == On AFTER 0
 |
 | ==========================================
 | DebugLog - 06-10-2025 11:46:40
 | ==========================================
 |
 | Trigger:
 | Bijkeuken_Deur == Open
 |
 | Message:
 | Iemand in de garage
 |
 | CommandArray:
 | 1, Garage_Verlichting == On AFTER 0
 |
 | ==========================================
 | DebugLog - 06-10-2025 11:48:44
 | ==========================================
 |
 | Trigger:
 | Toilet_Motion == On
 |
 | Message:
 | Iemand op het toilet
 |
 | CommandArray:
 | 1, Toilet_Verlichting == On AFTER 0
 |
 | ==========================================
 | DebugLog - 06-10-2025 11:54:58
 | ==========================================
 |
 | Trigger:
 | Badkamer_Motion == On
 |
 | Message:
 | Iemand in de badkamer
 |
 | CommandArray:
 | 1, Badkamer_Spiegel_Spots == On AFTER 0
 | 2, Badkamer_Verlichting == On AFTER 1
 |
 | ==========================================
 | DebugLog - 06-10-2025 11:55:10
 | ==========================================
 |
 | Trigger:
 | Time Trigger 5min == On
 |
 | Message:
 | Garage verlichting UIT na 300s 
 | Failsave
 |
 | CommandArray:
 | 1, Garage_Verlichting == Off AFTER 0
 |
 | ==========================================
 | DebugLog - 06-10-2025 11:55:49
 | ==========================================
 |
 | Trigger:
 | Bijkeuken_Deur == Open
 |
 | Message:
 | Iemand in de garage
 |
 | CommandArray:
 | 1, Garage_Verlichting == On AFTER 0
 |
 | ==========================================
 | DebugLog - 06-10-2025 12:05:10
 | ==========================================
 |
 | Trigger:
 | Time Trigger 5min == On
 |
 | Message:
 | Garage verlichting UIT na 300s 
 | Failsave
 |
 | CommandArray:
 | 1, Garage_Verlichting == Off AFTER 0
 |
 | ==========================================
 | DebugLog - 06-10-2025 12:42:44
 | ==========================================
 |
 | Trigger:
 | Fietsenschuur_Deur == Open
 |
 | Message:
 | Iemand in de fietsenschuur
 |
 | CommandArray:
 | 1, Fietsenschuur_Verlichting == On AFTER 0
 |
 | ==========================================
 | DebugLog - 06-10-2025 12:43:06
 | ==========================================
 |
 | Trigger:
 | Fietsenschuur_Deur == Closed
 |
 | Message:
 | Niemand meer in de fietsenschuur
 |
 | CommandArray:
 | 1, Fietsenschuur_Verlichting == Off AFTER 0
 |
 | ==========================================
 | DebugLog - 06-10-2025 12:44:18
 | ==========================================
 |
 | Trigger:
 | Overloop_Deur == Open
 |
 | Message:
 | Iemand naar de overloop
 |
 | CommandArray:
 | 1, Overloop_Verlichting == On AFTER 0
 |
 | ==========================================
 | DebugLog - 06-10-2025 12:45:38
 | ==========================================
 |
 | Trigger:
 | Bijkeuken_Deur == Open
 |
 | Message:
 | Iemand in de garage
 |
 | CommandArray:
 | 1, Garage_Verlichting == On AFTER 0
 |
 | ==========================================
 | DebugLog - 06-10-2025 12:48:00
 | ==========================================
 |
 | Trigger:
 | Time Trigger 1min == On
 |
 | Message:
 | Niemand meer op de overloop 
 | Failsave
 |
 | CommandArray:
 | 1, Overloop_Verlichting == Off AFTER 0
 |
 | ==========================================
 | DebugLog - 06-10-2025 12:48:49
 | ==========================================
 |
 | Trigger:
 | Toilet_Motion == On
 |
 | Message:
 | Iemand op het toilet
 |
 | CommandArray:
 | 1, Toilet_Verlichting == On AFTER 0
 |
 | ==========================================
 | DebugLog - 06-10-2025 12:55:10
 | ==========================================
 |
 | Trigger:
 | Time Trigger 5min == On
 |
 | Message:
 | Garage verlichting UIT na 300s 
 | Failsave
 |
 | CommandArray:
 | 1, Garage_Verlichting == Off AFTER 0
 |
 | ==========================================
 | DebugLog - 06-10-2025 12:59:16
 | ==========================================
 |
 | Trigger:
 | Bijkeuken_Deur == Open
 |
 | Message:
 | Iemand in de garage
 |
 | CommandArray:
 | 1, Garage_Verlichting == On AFTER 0
 |
 | ==========================================
 | DebugLog - 06-10-2025 13:01:22
 | ==========================================
 |
 | Trigger:
 | Toilet_Motion == On
 |
 | Message:
 | Iemand op het toilet
 |
 | CommandArray:
 | 1, Toilet_Verlichting == On AFTER 0
 |
 | ==========================================
 | DebugLog - 06-10-2025 13:05:10
 | ==========================================
 |
 | Trigger:
 | Time Trigger 5min == On
 |
 | Message:
 | Garage verlichting UIT na 300s 
 | Failsave
 |
 | CommandArray:
 | 1, Garage_Verlichting == Off AFTER 0
 |
 | ==========================================
 | DebugLog - 06-10-2025 13:42:48
 | ==========================================
 |
 | Trigger:
 | Toilet_Motion == On
 |
 | Message:
 | Iemand op het toilet
 |
 | CommandArray:
 | 1, Toilet_Verlichting == On AFTER 0
 |
 | ==========================================
 | DebugLog - 06-10-2025 13:56:54
 | ==========================================
 |
 | Trigger:
 | Bijkeuken_Deur == Open
 |
 | Message:
 | Iemand in de garage
 |
 | CommandArray:
 | 1, Garage_Verlichting == On AFTER 0
 |
 | ==========================================
 | DebugLog - 06-10-2025 14:05:11
 | ==========================================
 |
 | Trigger:
 | Time Trigger 5min == On
 |
 | Message:
 | Garage verlichting UIT na 300s 
 | Failsave
 |
 | CommandArray:
 | 1, Garage_Verlichting == Off AFTER 0
 |
 | ==========================================
 | DebugLog - 06-10-2025 14:09:51
 | ==========================================
 |
 | Trigger:
 | Overloop_Deur == Open
 |
 | Message:
 | Iemand naar de overloop
 |
 | CommandArray:
 | 1, Overloop_Verlichting == On AFTER 0
 |
 | ==========================================
 | DebugLog - 06-10-2025 14:12:00
 | ==========================================
 |
 | Trigger:
 | Time Trigger 1min == On
 |
 | Message:
 | Niemand meer op de overloop 
 | Failsave
 |
 | CommandArray:
 | 1, Overloop_Verlichting == Off AFTER 0
 |
 | ==========================================
 | DebugLog - 06-10-2025 15:00:46
 | ==========================================
 |
 | Trigger:
 | Overloop_Deur == Open
 |
 | Message:
 | Iemand naar de overloop
 |
 | CommandArray:
 | 1, Overloop_Verlichting == On AFTER 0
 |
 | ==========================================
 | DebugLog - 06-10-2025 15:01:37
 | ==========================================
 |
 | Trigger:
 | Badkamer_Motion == On
 |
 | Message:
 | Iemand in de badkamer
 |
 | CommandArray:
 | 1, Badkamer_Spiegel_Spots == On AFTER 0
 | 2, Badkamer_Verlichting == On AFTER 1
 |
 | ==========================================
 | DebugLog - 06-10-2025 15:05:00
 | ==========================================
 |
 | Trigger:
 | Time Trigger 1min == On
 |
 | Message:
 | Niemand meer op de overloop 
 | Failsave
 |
 | CommandArray:
 | 1, Overloop_Verlichting == Off AFTER 0
 |
 | ==========================================
 | DebugLog - 06-10-2025 15:06:46
 | ==========================================
 |
 | Trigger:
 | Badkamer_Motion == On
 |
 | Message:
 | Iemand in de badkamer
 |
 | CommandArray:
 | 1, Badkamer_Spiegel_Spots == On AFTER 0
 | 2, Badkamer_Verlichting == On AFTER 1
 |
 | ==========================================
 | DebugLog - 06-10-2025 15:15:16
 | ==========================================
 |
 | Trigger:
 | Bijkeuken_Deur == Open
 |
 | Message:
 | Iemand in de garage
 |
 | CommandArray:
 | 1, Garage_Verlichting == On AFTER 0
 |
 | ==========================================
 | DebugLog - 06-10-2025 15:27:16
 | ==========================================
 |
 | Trigger:
 | Bijkeuken_Deur == Open
 |
 | Message:
 | Iemand in de garage
 |
 | CommandArray:
 | 1, Garage_Verlichting == On AFTER 0
 |
 | ==========================================
 | DebugLog - 06-10-2025 15:30:00
 | ==========================================
 |
 | Trigger:
 | Time Trigger 1min == On
 |
 | Message:
 | Printer_WCD UIT
 |
 | CommandArray:
 | 1, Printer_WCD == Off AFTER 0
 |
 | ==========================================
 | DebugLog - 06-10-2025 15:30:20
 | ==========================================
 |
 | Trigger:
 | Time Trigger 10min == On
 |
 | Message:
 | Niemand meer in de badkamer 
 | Failsave
 |
 | CommandArray:
 | 1, Badkamer_Spiegel_Spots == Off AFTER 0
 | 2, Badkamer_Verlichting == Off AFTER 1
 |
 | ==========================================
 | DebugLog - 06-10-2025 15:35:05
 | ==========================================
 |
 | Trigger:
 | Toilet_Motion == On
 |
 | Message:
 | Iemand op het toilet
 |
 | CommandArray:
 | 1, Toilet_Verlichting == On AFTER 0
 |
 | ==========================================
 | DebugLog - 06-10-2025 15:35:10
 | ==========================================
 |
 | Trigger:
 | Time Trigger 5min == On
 |
 | Message:
 | Garage verlichting UIT na 300s 
 | Failsave
 |
 | CommandArray:
 | 1, Garage_Verlichting == Off AFTER 0
 |
 | ==========================================
 | DebugLog - 06-10-2025 15:44:12
 | ==========================================
 |
 | Trigger:
 | Overloop_Deur == Open
 |
 | Message:
 | Iemand naar de overloop
 |
 | CommandArray:
 | 1, Overloop_Verlichting == On AFTER 0
 |
 | ==========================================
 | DebugLog - 06-10-2025 15:46:32
 | ==========================================
 |
 | Trigger:
 | Badkamer_Motion == On
 |
 | Message:
 | Iemand in de badkamer
 |
 | CommandArray:
 | 1, Badkamer_Spiegel_Spots == On AFTER 0
 | 2, Badkamer_Verlichting == On AFTER 1
 |
 | ==========================================
 | DebugLog - 06-10-2025 15:58:35
 | ==========================================
 |
 | Trigger:
 | Garage_Controler_Woonkamer UIT == On
 |
 | Message:
 | Woonkamer verlichting manueel uitgeschakeld
 |
 | CommandArray:
 | 1, Personen == Set Level 30 AFTER 0
 | 2, Variable:manual_light == 1
 |
 | ==========================================
 | DebugLog - 06-10-2025 15:58:35
 | ==========================================
 |
 | Trigger:
 | Garage_Controler_Woonkamer UIT == On
 |
 | Message:
 | Woonkamer verlichting uitgeschakeld
 |
 | CommandArray:
 | 1, Personen == Set Level 30 AFTER 0
 | 2, Variable:manual_light == 1
 | 3, Woonkamer_Spotjes-TV-Kast == Off AFTER 1
 | 4, Keuken_Cabinet_Verlichting == Off AFTER 3
 | 5, Keuken_Spots == Off AFTER 5
 | 6, Variable:woonkamer_verlichting_auto == 0
 |
 | ==========================================
 | DebugLog - 06-10-2025 15:58:35
 | ==========================================
 |
 | Trigger:
 | Personen == Standby
 |
 | Message:
 | Kattenluik afgesloten
 |
 | CommandArray:
 | 1, CatFlap == Off AFTER 0
 |
 | ==========================================
 | DebugLog - 06-10-2025 16:05:40
 | ==========================================
 |
 | Trigger:
 | Time Trigger 5min == Off
 |
 | Message:
 | Niemand thuis (2min trigger)
 |
 | CommandArray:
 | 1, Personen == Set Level 50 AFTER 0
 |
 | ==========================================
 | DebugLog - 06-10-2025 16:05:40
 | ==========================================
 |
 | Trigger:
 | Personen == Stop
 |
 | Message:
 | Niemand thuis, huis wordt afgesloten
 |
 | CommandArray:
 | 1, Personen == Set Level 0 AFTER 8
 |
 | ==========================================
 | DebugLog - 06-10-2025 16:05:48
 | ==========================================
 |
 | Trigger:
 | Personen == Weg
 |
 | Message:
 | Standbykillers uitgeschakeld
 |
 | CommandArray:
 | 1, Aanrecht_WCD1 == Off AFTER 0
 | 2, Afzuigkap_WCD == Off AFTER 2
 | 3, TV-Kast_WCD == Off AFTER 4
 | 4, Droger_WCD == Off AFTER 6
 | 5, Aanrecht_WCD2 == Off AFTER 8
 | 6, Stofzuiger_WCD == Off AFTER 10
 | 7, Speaker_Keuken_WCD == Off AFTER 12
 | 8, Woonkamer_Bank_WCD == Off AFTER 14
 | 9, Woonkamer_Fauteuil_WCD == Off AFTER 16
 | 10, Voordeur_WCD == Off AFTER 18
 | 11, Achterdeur_WCD == Off AFTER 20
 |
 | ==========================================
 | DebugLog - 06-10-2025 17:57:07
 | ==========================================
 |
 | Trigger:
 | Fietsenschuur_Deur == Open
 |
 | Message:
 | Iemand in de fietsenschuur
 |
 | CommandArray:
 | 1, Fietsenschuur_Verlichting == On AFTER 0
 |
 | ==========================================
 | DebugLog - 06-10-2025 17:59:02
 | ==========================================
 |
 | Trigger:
 | Fietsenschuur_Deur == Closed
 |
 | Message:
 | Niemand meer in de fietsenschuur
 |
 | CommandArray:
 | 1, Fietsenschuur_Verlichting == Off AFTER 0
 |
 | ==========================================
 | DebugLog - 06-10-2025 17:59:23
 | ==========================================
 |
 | Trigger:
 | Achter_Deur == Open
 |
 | Message:
 | Iemand thuis gekomen
 |
 | CommandArray:
 | 1, Personen == Set Level 40 AFTER 0
 |
 | ==========================================
 | DebugLog - 06-10-2025 17:59:23
 | ==========================================
 |
 | Trigger:
 | Personen == Start
 |
 | Message:
 | Iemand thuis, huis wordt opgestart
 |
 | CommandArray:
 | 1, Personen == Set Level 10 AFTER 8
 |
 | ==========================================
 | DebugLog - 06-10-2025 17:59:31
 | ==========================================
 |
 | Trigger:
 | Personen == Aanwezig
 |
 | Message:
 | Kattenluik geopend
 |
 | CommandArray:
 | 1, CatFlap == On AFTER 0
 |
 | ==========================================
 | DebugLog - 06-10-2025 17:59:31
 | ==========================================
 |
 | Trigger:
 | Personen == Aanwezig
 |
 | Message:
 | Standbykillers ingeschakeld
 |
 | CommandArray:
 | 1, CatFlap == On AFTER 0
 | 2, Aanrecht_WCD1 == On AFTER 1
 | 3, Afzuigkap_WCD == On AFTER 3
 | 4, TV-Kast_WCD == On AFTER 5
 | 5, Droger_WCD == On AFTER 7
 | 6, Aanrecht_WCD2 == On AFTER 9
 | 7, Stofzuiger_WCD == On AFTER 11
 | 8, Speaker_Keuken_WCD == On AFTER 13
 | 9, Woonkamer_Bank_WCD == On AFTER 15
 | 10, Woonkamer_Fauteuil_WCD == On AFTER 17
 | 11, Voordeur_WCD == On AFTER 19
 | 12, Achterdeur_WCD == On AFTER 21
 |
 | ==========================================
 | DebugLog - 06-10-2025 18:00:40
 | ==========================================
 |
 | Trigger:
 | Time Trigger 5min == Off
 |
 | Message:
 | Jerina Laptop_WCD ingeschakeld
 |
 | CommandArray:
 | 1, Jerina_Laptop_WCD == On AFTER 0
 |
 | ==========================================
 | DebugLog - 06-10-2025 18:02:33
 | ==========================================
 |
 | Trigger:
 | Bijkeuken_Deur == Open
 |
 | Message:
 | Iemand in de garage
 |
 | CommandArray:
 | 1, Garage_Verlichting == On AFTER 0
 |
 | ==========================================
 | DebugLog - 06-10-2025 18:05:40
 | ==========================================
 |
 | Trigger:
 | Time Trigger 5min == Off
 |
 | Message:
 | Woonkamer Scene 1 ingeschakeld
 |
 | CommandArray:
 | 1, Woonkamer_Spotjes-TV-Kast == On AFTER 0
 | 2, Keuken_Cabinet_Verlichting == On AFTER 2
 | 3, Keuken_Spots == Off AFTER 55
 | 4, Keuken_Spots == On AFTER 56
 | 5, Keuken_Spots == Off AFTER 57
 | 6, Keuken_Spots == On AFTER 58
 | 7, Keuken_Spots == Off AFTER 59
 | 8, Keuken_Spots == On AFTER 60
 | 9, Variable:woonkamer_verlichting_auto == 1
 |
 | ==========================================
 | DebugLog - 06-10-2025 18:10:10
 | ==========================================
 |
 | Trigger:
 | Time Trigger 5min == On
 |
 | Message:
 | Garage verlichting UIT na 300s 
 | Failsave
 |
 | CommandArray:
 | 1, Garage_Verlichting == Off AFTER 0
 |
 | ==========================================
 | DebugLog - 06-10-2025 18:14:00
 | ==========================================
 |
 | Trigger:
 | Time Trigger 1min == On
 |
 | Message:
 | Printer_WCD AAN
 |
 | CommandArray:
 | 1, Printer_WCD == On AFTER 0
 |
 | ==========================================
 | DebugLog - 06-10-2025 18:17:00
 | ==========================================
 |
 | Trigger:
 | Time Trigger 1min == On
 |
 | Message:
 | Printer_WCD UIT
 |
 | CommandArray:
 | 1, Printer_WCD == Off AFTER 0
 |
 | ==========================================
 | DebugLog - 06-10-2025 18:20:00
 | ==========================================
 |
 | Trigger:
 | Time Trigger 1min == On
 |
 | Message:
 | Printer_WCD AAN
 |
 | CommandArray:
 | 1, Printer_WCD == On AFTER 0
 |
 | ==========================================
 | DebugLog - 06-10-2025 18:35:40
 | ==========================================
 |
 | Trigger:
 | Time Trigger 5min == Off
 |
 | Message:
 | Woonkamer Scene 2 ingeschakeld
 |
 | CommandArray:
 | 1, Woonkamer_Spotjes == Set Level 55 AFTER 0
 | 2, Variable:woonkamer_verlichting_auto == 2
 |
 | ==========================================
 | DebugLog - 06-10-2025 18:55:40
 | ==========================================
 |
 | Trigger:
 | Time Trigger 5min == Off
 |
 | Message:
 | Woonkamer Scene 3 ingeschakeld
 |
 | CommandArray:
 | 1, Woonkamer_Spotjes == Set Level 45 AFTER 0
 | 2, Woonkamer_Vloerlamp_Dressoir == On AFTER 2
 | 3, Woonkamer_Vloerlamp_Links == On AFTER 4
 | 4, Woonkamer_Vloerlamp_Rechts == On AFTER 6
 | 5, Bijkeuken_Spots_Verlichting == Set Level 22 AFTER 8
 | 6, Bijkeuken_NIS_Verlichting == Set Level 22 AFTER 10
 | 7, Variable:woonkamer_verlichting_auto == 3
 |
 | ==========================================
 | DebugLog - 06-10-2025 19:20:20
 | ==========================================
 |
 | Trigger:
 | Time Trigger 10min == On
 |
 | Message:
 | Tuin verlichting ingeschakeld
 |
 | CommandArray:
 | 1, Voordeur_Verlichting == Set Level 7 AFTER 0
 | 2, Brandgang_Verlichting == Set Level 7 AFTER 1
 | 3, Fietsenschuur_Buiten_Verlichting == Set Level 7 AFTER 2
 | 4, Achterdeur_Verlichting == Set Level 7 AFTER 3
 |
 | ==========================================
 | DebugLog - 06-10-2025 19:28:19
 | ==========================================
 |
 | Trigger:
 | Natalya_GSM == On
 |
 | Message:
 | Natalya is thuis, Slaapkamer uit standby
 |
 | CommandArray:
 | 1, Natalya_WCD == On AFTER 0
 |
 | ==========================================
 | DebugLog - 06-10-2025 19:42:01
 | ==========================================
 |
 | Trigger:
 | Overloop_Deur == Open
 |
 | Message:
 | Iemand naar de overloop
 |
 | CommandArray:
 | 1, Overloop_Verlichting == On AFTER 0
 |
 | ==========================================
 | DebugLog - 06-10-2025 19:49:00
 | ==========================================
 |
 | Trigger:
 | Time Trigger 1min == On
 |
 | Message:
 | Niemand meer op de overloop 
 | Failsave
 |
 | CommandArray:
 | 1, Overloop_Verlichting == Off AFTER 0
 |
 | ==========================================
 | DebugLog - 06-10-2025 19:50:10
 | ==========================================
 |
 | Trigger:
 | Time Trigger 5min == On
 |
 | Message:
 | Natalya is weg, Slaapkamer in standby
 |
 | CommandArray:
 | 1, Natalya_WCD == Off AFTER 0
 |
 | ==========================================
 | DebugLog - 06-10-2025 20:00:24
 | ==========================================
 |
 | Trigger:
 | Overloop_Motion == On
 |
 | Message:
 | Iemand op de overloop
 |
 | CommandArray:
 | 1, Overloop_Verlichting == On AFTER 0
 |
 | ==========================================
 | DebugLog - 06-10-2025 20:04:00
 | ==========================================
 |
 | Trigger:
 | Time Trigger 1min == On
 |
 | Message:
 | Niemand meer op de overloop 
 | Failsave
 |
 | CommandArray:
 | 1, Overloop_Verlichting == Off AFTER 0
 |
 | ==========================================
 | DebugLog - 06-10-2025 20:06:56
 | ==========================================
 |
 | Trigger:
 | Overloop_Motion == On
 |
 | Message:
 | Iemand op de overloop
 |
 | CommandArray:
 | 1, Overloop_Verlichting == On AFTER 0
 |
 | ==========================================
 | DebugLog - 06-10-2025 20:10:20
 | ==========================================
 |
 | Trigger:
 | Time Trigger 10min == On
 |
 | Message:
 | Opladen fietsen voltooid
 |
 | CommandArray:
 | 1, BV_Charger_WCD == Off AFTER 0
 |
 | ==========================================
 | DebugLog - 06-10-2025 20:11:00
 | ==========================================
 |
 | Trigger:
 | Time Trigger 1min == On
 |
 | Message:
 | Niemand meer op de overloop 
 | Failsave
 |
 | CommandArray:
 | 1, Overloop_Verlichting == Off AFTER 0
 |
 | ==========================================
 | DebugLog - 06-10-2025 21:14:20
 | ==========================================
 |
 | Trigger:
 | Natalya_GSM == On
 |
 | Message:
 | Natalya is thuis, Slaapkamer uit standby
 |
 | CommandArray:
 | 1, Natalya_WCD == On AFTER 0
 |
 | ==========================================
 | DebugLog - 06-10-2025 21:20:01
 | ==========================================
 |
 | Trigger:
 | Bijkeuken_Deur == Open
 |
 | Message:
 | Iemand in de garage
 |
 | CommandArray:
 | 1, Garage_Verlichting == On AFTER 0
 |
 | ==========================================
 | DebugLog - 06-10-2025 21:30:10
 | ==========================================
 |
 | Trigger:
 | Time Trigger 5min == On
 |
 | Message:
 | Garage verlichting UIT na 300s 
 | Failsave
 |
 | CommandArray:
 | 1, Garage_Verlichting == Off AFTER 0
 |
 | ==========================================
 | DebugLog - 06-10-2025 22:29:27
 | ==========================================
 |
 | Trigger:
 | Bijkeuken_Deur == Open
 |
 | Message:
 | Iemand in de garage
 |
 | CommandArray:
 | 1, Garage_Verlichting == On AFTER 0
 |
 | ==========================================
 | DebugLog - 06-10-2025 23:10:00
 | ==========================================
 |
 | Trigger:
 | Time Trigger 1min == On
 |
 | Message:
 | Printer_WCD UIT
 |
 | CommandArray:
 | 1, Printer_WCD == Off AFTER 0
 |
 | ==========================================
 | DebugLog - 06-10-2025 23:13:46
 | ==========================================
 |
 | Trigger:
 | Woonkamer_Verlichting UIT == On
 |
 | Message:
 | Woonkamer verlichting manueel uitgeschakeld
 |
 | CommandArray:
 | 1, Personen == Set Level 30 AFTER 0
 | 2, Variable:manual_light == 1
 |
 | ==========================================
 | DebugLog - 06-10-2025 23:13:46
 | ==========================================
 |
 | Trigger:
 | Woonkamer_Verlichting UIT == On
 |
 | Message:
 | Woonkamer verlichting uitgeschakeld
 |
 | CommandArray:
 | 1, Personen == Set Level 30 AFTER 0
 | 2, Variable:manual_light == 1
 | 3, Woonkamer_Spotjes-TV-Kast == Off AFTER 1
 | 4, Woonkamer_Spotjes == Off AFTER 3
 | 5, Woonkamer_Vloerlamp_Dressoir == Off AFTER 5
 | 6, Woonkamer_Vloerlamp_Links == Off AFTER 7
 | 7, Woonkamer_Vloerlamp_Rechts == Off AFTER 9
 | 8, Bijkeuken_Spots_Verlichting == Off AFTER 11
 | 9, Bijkeuken_NIS_Verlichting == Off AFTER 13
 | 10, Keuken_Cabinet_Verlichting == Off AFTER 15
 | 11, Keuken_Spots == Off AFTER 17
 | 12, Variable:woonkamer_verlichting_auto == 0
 |
 | ==========================================
 | DebugLog - 06-10-2025 23:13:47
 | ==========================================
 |
 | Trigger:
 | Personen == Standby
 |
 | Message:
 | Kattenluik afgesloten
 |
 | CommandArray:
 | 1, CatFlap == Off AFTER 0
 |
 | ==========================================
 | DebugLog - 06-10-2025 23:15:40
 | ==========================================
 |
 | Trigger:
 | Time Trigger 5min == Off
 |
 | Message:
 | Jerina Laptop_WCD uitgeschakeld
 |
 | CommandArray:
 | 1, Jerina_Laptop_WCD == Off AFTER 0
 |
 | ==========================================
 | DebugLog - 06-10-2025 23:25:40
 | ==========================================
 |
 | Trigger:
 | Time Trigger 5min == Off
 |
 | Message:
 | Iedereen slaapt (2min trigger)
 |
 | CommandArray:
 | 1, Personen == Set Level 50 AFTER 0
 |
 | ==========================================
 | DebugLog - 06-10-2025 23:25:40
 | ==========================================
 |
 | Trigger:
 | Personen == Stop
 |
 | Message:
 | Iedereen slaapt, huis wordt afgesloten
 |
 | CommandArray:
 | 1, Personen == Set Level 20 AFTER 8
 |
 | ==========================================
 | DebugLog - 06-10-2025 23:25:48
 | ==========================================
 |
 | Trigger:
 | Personen == Slapen
 |
 | Message:
 | Standbykillers uitgeschakeld
 |
 | CommandArray:
 | 1, Aanrecht_WCD1 == Off AFTER 0
 | 2, Afzuigkap_WCD == Off AFTER 2
 | 3, TV-Kast_WCD == Off AFTER 4
 | 4, Droger_WCD == Off AFTER 6
 | 5, Aanrecht_WCD2 == Off AFTER 8
 | 6, Stofzuiger_WCD == Off AFTER 10
 | 7, Speaker_Keuken_WCD == Off AFTER 12
 | 8, Woonkamer_Bank_WCD == Off AFTER 14
 | 9, Woonkamer_Fauteuil_WCD == Off AFTER 16
 | 10, Voordeur_WCD == Off AFTER 18
 | 11, Achterdeur_WCD == Off AFTER 20
 |
 | ==========================================
 | DebugLog - 06-10-2025 23:30:20
 | ==========================================
 |
 | Trigger:
 | Time Trigger 10min == On
 |
 | Message:
 | Tuin verlichting uitgeschakeld
 |
 | CommandArray:
 | 1, Achterdeur_Verlichting == Off AFTER 0
 | 2, Fietsenschuur_Buiten_Verlichting == Off AFTER 1
 | 3, Brandgang_Verlichting == Off AFTER 2
 | 4, Voordeur_Verlichting == Off AFTER 3
 |
 | ==========================================
